<?xml version="1.0" encoding="UTF-8"?>
<testsuite name="team6.LeaderboardTest" tests="2" skipped="0" failures="0" errors="0" timestamp="2016-10-19T19:19:29" hostname="MSI" time="0.009">
  <properties/>
  <testcase name="testIfLeaderboardIgnoresArgsNotEqualToTwo" classname="team6.LeaderboardTest" time="0.001"/>
  <testcase name="testIfLeaderboardRunsArgsEqualToTwo" classname="team6.LeaderboardTest" time="0.008"/>
  <system-out><![CDATA[[99018] Spring 2014 (16 students)
[99018] Spring 2014 (16 students)
]]></system-out>
  <system-err><![CDATA[]]></system-err>
</testsuite>
