<?xml version="1.0" encoding="UTF-8"?>
<testsuite name="team6.StudentTest" tests="5" skipped="0" failures="0" errors="0" timestamp="2016-10-12T16:19:03" hostname="MSI" time="0.001">
  <properties/>
  <testcase name="testSetGetFirstName" classname="team6.StudentTest" time="0.001"/>
  <testcase name="testToString" classname="team6.StudentTest" time="0.0"/>
  <testcase name="testSetGetEmail" classname="team6.StudentTest" time="0.0"/>
  <testcase name="testSetGetLastName" classname="team6.StudentTest" time="0.0"/>
  <testcase name="testSetGetId" classname="team6.StudentTest" time="0.0"/>
  <system-out><![CDATA[]]></system-out>
  <system-err><![CDATA[]]></system-err>
</testsuite>
