<?xml version="1.0" encoding="UTF-8"?>
<testsuite name="team6.CourseTest" tests="2" skipped="0" failures="0" errors="0" timestamp="2016-10-22T21:08:19" hostname="MSI" time="0.003">
  <properties/>
  <testcase name="courseReturnsIDTest" classname="team6.CourseTest" time="0.002"/>
  <testcase name="courseReturnsCourseInfoTest" classname="team6.CourseTest" time="0.0"/>
  <system-out><![CDATA[]]></system-out>
  <system-err><![CDATA[]]></system-err>
</testsuite>
