<?xml version="1.0" encoding="UTF-8"?>
<testsuite name="team6.GameologyDatabaseTest" tests="3" skipped="0" failures="0" errors="0" timestamp="2016-10-24T16:39:30" hostname="MSI" time="0.019">
  <properties/>
  <testcase name="getStudentInfoTest" classname="team6.GameologyDatabaseTest" time="0.013"/>
  <testcase name="getCourseInfoTest" classname="team6.GameologyDatabaseTest" time="0.003"/>
  <testcase name="databaseDoesNothingWhenGivenBadCourseIDTest" classname="team6.GameologyDatabaseTest" time="0.002"/>
  <system-out><![CDATA[]]></system-out>
  <system-err><![CDATA[]]></system-err>
</testsuite>
