<?xml version="1.0" encoding="UTF-8"?>
<testsuite name="team6.GamegogyDatabaseTest" tests="6" skipped="0" failures="0" errors="0" timestamp="2016-11-04T17:00:18" hostname="MSI" time="0.015">
  <properties/>
  <testcase name="testGetCourseIDs" classname="team6.GamegogyDatabaseTest" time="0.002"/>
  <testcase name="testDatabaseDoesNothingWhenGivenBadCourseID" classname="team6.GamegogyDatabaseTest" time="0.002"/>
  <testcase name="testGetCourseInfo" classname="team6.GamegogyDatabaseTest" time="0.001"/>
  <testcase name="testGetStudentInfo" classname="team6.GamegogyDatabaseTest" time="0.002"/>
  <testcase name="testGetStudentIDs" classname="team6.GamegogyDatabaseTest" time="0.003"/>
  <testcase name="testDatabaseDoesNothingWhenGivenBadStudentID" classname="team6.GamegogyDatabaseTest" time="0.002"/>
  <system-out><![CDATA[]]></system-out>
  <system-err><![CDATA[]]></system-err>
</testsuite>
