<?xml version="1.0" encoding="UTF-8"?>
<testsuite name="team6.StudentTest" tests="2" skipped="0" failures="0" errors="0" timestamp="2016-10-22T23:54:04" hostname="MSI" time="0.0">
  <properties/>
  <testcase name="StudentReturnsIDTest" classname="team6.StudentTest" time="0.0"/>
  <testcase name="StudentReturnsStudentInfoTest" classname="team6.StudentTest" time="0.0"/>
  <system-out><![CDATA[]]></system-out>
  <system-err><![CDATA[]]></system-err>
</testsuite>
