<?xml version="1.0" encoding="UTF-8"?>
<testsuite name="team6.GameologyDatabaseTest" tests="3" skipped="0" failures="0" errors="0" timestamp="2016-10-22T23:54:04" hostname="MSI" time="0.017">
  <properties/>
  <testcase name="DatabaseDoesNothingWhenGivenBadCourseIDTest" classname="team6.GameologyDatabaseTest" time="0.011"/>
  <testcase name="GetCourseInfoTest" classname="team6.GameologyDatabaseTest" time="0.004"/>
  <testcase name="GetStudentInfoTest" classname="team6.GameologyDatabaseTest" time="0.002"/>
  <system-out><![CDATA[]]></system-out>
  <system-err><![CDATA[]]></system-err>
</testsuite>
