<?xml version="1.0" encoding="UTF-8"?>
<testsuite name="team6.CourseTest" tests="5" skipped="0" failures="0" errors="0" timestamp="2016-10-12T16:58:53" hostname="MSI" time="0.004">
  <properties/>
  <testcase name="testSetGetYear" classname="team6.CourseTest" time="0.003"/>
  <testcase name="testSetGetClassSize" classname="team6.CourseTest" time="0.0"/>
  <testcase name="testToString" classname="team6.CourseTest" time="0.0"/>
  <testcase name="testSetGetSemester" classname="team6.CourseTest" time="0.0"/>
  <testcase name="testSetGetId" classname="team6.CourseTest" time="0.0"/>
  <system-out><![CDATA[]]></system-out>
  <system-err><![CDATA[]]></system-err>
</testsuite>
