<?xml version="1.0" encoding="UTF-8"?>
<testsuite name="team6.LeaderboardTest" tests="2" skipped="0" failures="0" errors="0" timestamp="2016-10-20T22:57:00" hostname="Nicholas-PC" time="0.029">
  <properties/>
  <testcase name="testIfLeaderboardIgnoresArgsNotEqualToTwo" classname="team6.LeaderboardTest" time="0.002"/>
  <testcase name="testIfLeaderboardRunsArgsEqualToTwo" classname="team6.LeaderboardTest" time="0.027"/>
  <system-out><![CDATA[[99018] Spring 2014 (16 students)
[99018] Spring 2014 (16 students)
]]></system-out>
  <system-err><![CDATA[]]></system-err>
</testsuite>
