<?xml version="1.0" encoding="UTF-8"?>
<testsuite name="team6.GameologyDatabaseTest" tests="3" skipped="0" failures="0" errors="0" timestamp="2016-10-22T21:08:19" hostname="MSI" time="0.018">
  <properties/>
  <testcase name="DatabaseDoesNothingWhenGivenBadCourseIDTest" classname="team6.GameologyDatabaseTest" time="0.013"/>
  <testcase name="GetCourseInfoTest" classname="team6.GameologyDatabaseTest" time="0.003"/>
  <testcase name="GetStudentInfoTest" classname="team6.GameologyDatabaseTest" time="0.002"/>
  <system-out><![CDATA[]]></system-out>
  <system-err><![CDATA[]]></system-err>
</testsuite>
