<?xml version="1.0" encoding="UTF-8"?>
<testsuite name="team6.ControllerTest" tests="4" skipped="0" failures="0" errors="0" timestamp="2016-11-04T17:00:18" hostname="MSI" time="0.024">
  <properties/>
  <testcase name="TestStudentCommandsReturnsStringOfStudent" classname="team6.ControllerTest" time="0.016"/>
  <testcase name="TestStudentIDsCommandsReturnsStringOfStudentIDs" classname="team6.ControllerTest" time="0.004"/>
  <testcase name="TestCourseCommandsReturnsStringOfCourse" classname="team6.ControllerTest" time="0.002"/>
  <testcase name="TestCourseIDsCommandsReturnsStringOfCourseIDs" classname="team6.ControllerTest" time="0.002"/>
  <system-out><![CDATA[]]></system-out>
  <system-err><![CDATA[]]></system-err>
</testsuite>
